<?xml version="1.0" encoding="UTF-8"?>
<testng-results skipped="2" failed="0" ignored="2" total="5" passed="1">
  <reporter-output>
  </reporter-output>
  <suite name="Suite" duration-ms="30970" started-at="2022-05-19T09:48:54Z" finished-at="2022-05-19T09:49:25Z">
    <groups>
      <group name="cucumber">
        <method signature="AbstractTestNGCucumberTests.runScenario(cucumber.api.testng.PickleEventWrapper, cucumber.api.testng.CucumberFeatureWrapper)[pri:0, instance:com.leafBot.testcases.TC003_CreateLead@45820e51]" name="runScenario" class="cucumber.api.testng.AbstractTestNGCucumberTests"/>
        <method signature="AbstractTestNGCucumberTests.runScenario(cucumber.api.testng.PickleEventWrapper, cucumber.api.testng.CucumberFeatureWrapper)[pri:0, instance:com.leafBot.testcases.TC004_EditLead@42d8062c]" name="runScenario" class="cucumber.api.testng.AbstractTestNGCucumberTests"/>
      </group> <!-- cucumber -->
    </groups>
    <test name="Test" duration-ms="30970" started-at="2022-05-19T09:48:54Z" finished-at="2022-05-19T09:49:25Z">
      <class name="com.leafBot.testcases.TC003_CreateLead">
        <test-method status="PASS" signature="startReport()[pri:0, instance:com.leafBot.testcases.TC003_CreateLead@45820e51]" name="startReport" is-config="true" duration-ms="646" started-at="2022-05-19T09:48:54Z" finished-at="2022-05-19T09:48:54Z">
          <reporter-output>
          </reporter-output>
        </test-method> <!-- startReport -->
        <test-method status="PASS" signature="setData()[pri:0, instance:com.leafBot.testcases.TC003_CreateLead@45820e51]" name="setData" is-config="true" duration-ms="1" started-at="2022-05-19T09:48:54Z" finished-at="2022-05-19T09:48:54Z">
          <reporter-output>
          </reporter-output>
        </test-method> <!-- setData -->
        <test-method status="PASS" signature="setData()[pri:0, instance:com.leafBot.testcases.TC004_EditLead@42d8062c]" name="setData" is-config="true" duration-ms="0" started-at="2022-05-19T09:48:54Z" finished-at="2022-05-19T09:48:54Z">
          <reporter-output>
          </reporter-output>
        </test-method> <!-- setData -->
        <test-method status="PASS" signature="setUpClass()[pri:0, instance:com.leafBot.testcases.TC003_CreateLead@45820e51]" name="setUpClass" is-config="true" duration-ms="204" started-at="2022-05-19T09:48:54Z" finished-at="2022-05-19T09:48:55Z">
          <reporter-output>
          </reporter-output>
        </test-method> <!-- setUpClass -->
        <test-method status="PASS" signature="report()[pri:0, instance:com.leafBot.testcases.TC003_CreateLead@45820e51]" name="report" is-config="true" duration-ms="10" started-at="2022-05-19T09:48:55Z" finished-at="2022-05-19T09:48:55Z">
          <reporter-output>
          </reporter-output>
        </test-method> <!-- report -->
        <test-method status="FAIL" signature="beforeMethod()[pri:0, instance:com.leafBot.testcases.TC003_CreateLead@45820e51]" name="beforeMethod" is-config="true" duration-ms="23004" started-at="2022-05-19T09:48:56Z" finished-at="2022-05-19T09:49:19Z">
          <exception class="java.lang.NullPointerException">
            <full-stacktrace>
              <![CDATA[java.lang.NullPointerException
at com.leafBot.selenium.api.base.SeleniumBase.takeSnap(SeleniumBase.java:492)
at utils.Reporter.reportStep(Reporter.java:48)
at utils.Reporter.reportStep(Reporter.java:64)
at com.leafBot.selenium.api.base.SeleniumBase.startApp(SeleniumBase.java:282)
at com.leafBot.testng.api.base.ProjectSpecificMethods.beforeMethod(ProjectSpecificMethods.java:26)
at sun.reflect.NativeMethodAccessorImpl.invoke0(Native Method)
at sun.reflect.NativeMethodAccessorImpl.invoke(Unknown Source)
at sun.reflect.DelegatingMethodAccessorImpl.invoke(Unknown Source)
at java.lang.reflect.Method.invoke(Unknown Source)
at org.testng.internal.MethodInvocationHelper.invokeMethod(MethodInvocationHelper.java:124)
at org.testng.internal.MethodInvocationHelper.invokeMethodConsideringTimeout(MethodInvocationHelper.java:59)
at org.testng.internal.Invoker.invokeConfigurationMethod(Invoker.java:458)
at org.testng.internal.Invoker.invokeConfigurations(Invoker.java:222)
at org.testng.internal.Invoker.invokeMethod(Invoker.java:523)
at org.testng.internal.Invoker.invokeTestMethod(Invoker.java:719)
at org.testng.internal.Invoker.invokeTestMethods(Invoker.java:989)
at org.testng.internal.TestMethodWorker.invokeTestMethods(TestMethodWorker.java:125)
at org.testng.internal.TestMethodWorker.run(TestMethodWorker.java:109)
at java.util.concurrent.ThreadPoolExecutor.runWorker(Unknown Source)
at java.util.concurrent.ThreadPoolExecutor$Worker.run(Unknown Source)
at java.lang.Thread.run(Unknown Source)
]]>
            </full-stacktrace>
          </exception> <!-- java.lang.NullPointerException -->
          <reporter-output>
          </reporter-output>
        </test-method> <!-- beforeMethod -->
        <test-method status="SKIP" signature="createLead(java.lang.String, java.lang.String, java.lang.String, java.lang.String, java.lang.String, java.lang.String)[pri:0, instance:com.leafBot.testcases.TC003_CreateLead@45820e51]" name="createLead" duration-ms="0" started-at="2022-05-19T09:49:19Z" data-provider="fetchData" finished-at="2022-05-19T09:49:19Z">
          <exception class="java.lang.NullPointerException">
            <full-stacktrace>
              <![CDATA[java.lang.NullPointerException
at com.leafBot.selenium.api.base.SeleniumBase.takeSnap(SeleniumBase.java:492)
at utils.Reporter.reportStep(Reporter.java:48)
at utils.Reporter.reportStep(Reporter.java:64)
at com.leafBot.selenium.api.base.SeleniumBase.startApp(SeleniumBase.java:282)
at com.leafBot.testng.api.base.ProjectSpecificMethods.beforeMethod(ProjectSpecificMethods.java:26)
at sun.reflect.NativeMethodAccessorImpl.invoke0(Native Method)
at sun.reflect.NativeMethodAccessorImpl.invoke(Unknown Source)
at sun.reflect.DelegatingMethodAccessorImpl.invoke(Unknown Source)
at java.lang.reflect.Method.invoke(Unknown Source)
at org.testng.internal.MethodInvocationHelper.invokeMethod(MethodInvocationHelper.java:124)
at org.testng.internal.MethodInvocationHelper.invokeMethodConsideringTimeout(MethodInvocationHelper.java:59)
at org.testng.internal.Invoker.invokeConfigurationMethod(Invoker.java:458)
at org.testng.internal.Invoker.invokeConfigurations(Invoker.java:222)
at org.testng.internal.Invoker.invokeMethod(Invoker.java:523)
at org.testng.internal.Invoker.invokeTestMethod(Invoker.java:719)
at org.testng.internal.Invoker.invokeTestMethods(Invoker.java:989)
at org.testng.internal.TestMethodWorker.invokeTestMethods(TestMethodWorker.java:125)
at org.testng.internal.TestMethodWorker.run(TestMethodWorker.java:109)
at java.util.concurrent.ThreadPoolExecutor.runWorker(Unknown Source)
at java.util.concurrent.ThreadPoolExecutor$Worker.run(Unknown Source)
at java.lang.Thread.run(Unknown Source)
]]>
            </full-stacktrace>
          </exception> <!-- java.lang.NullPointerException -->
          <reporter-output>
          </reporter-output>
        </test-method> <!-- createLead -->
        <test-method status="SKIP" signature="afterMethod()[pri:0, instance:com.leafBot.testcases.TC003_CreateLead@45820e51]" name="afterMethod" is-config="true" duration-ms="0" started-at="2022-05-19T09:49:19Z" finished-at="2022-05-19T09:49:19Z">
          <reporter-output>
          </reporter-output>
        </test-method> <!-- afterMethod -->
        <test-method status="SKIP" signature="beforeMethod()[pri:0, instance:com.leafBot.testcases.TC003_CreateLead@45820e51]" name="beforeMethod" is-config="true" duration-ms="0" started-at="2022-05-19T09:49:19Z" finished-at="2022-05-19T09:49:19Z">
          <reporter-output>
          </reporter-output>
        </test-method> <!-- beforeMethod -->
        <test-method status="SKIP" signature="createLead(java.lang.String, java.lang.String, java.lang.String, java.lang.String, java.lang.String, java.lang.String)[pri:0, instance:com.leafBot.testcases.TC003_CreateLead@45820e51]" name="createLead" duration-ms="0" started-at="2022-05-19T09:49:19Z" data-provider="fetchData" finished-at="2022-05-19T09:49:19Z">
          <exception class="java.lang.NullPointerException">
            <full-stacktrace>
              <![CDATA[java.lang.NullPointerException
at com.leafBot.selenium.api.base.SeleniumBase.takeSnap(SeleniumBase.java:492)
at utils.Reporter.reportStep(Reporter.java:48)
at utils.Reporter.reportStep(Reporter.java:64)
at com.leafBot.selenium.api.base.SeleniumBase.startApp(SeleniumBase.java:282)
at com.leafBot.testng.api.base.ProjectSpecificMethods.beforeMethod(ProjectSpecificMethods.java:26)
at sun.reflect.NativeMethodAccessorImpl.invoke0(Native Method)
at sun.reflect.NativeMethodAccessorImpl.invoke(Unknown Source)
at sun.reflect.DelegatingMethodAccessorImpl.invoke(Unknown Source)
at java.lang.reflect.Method.invoke(Unknown Source)
at org.testng.internal.MethodInvocationHelper.invokeMethod(MethodInvocationHelper.java:124)
at org.testng.internal.MethodInvocationHelper.invokeMethodConsideringTimeout(MethodInvocationHelper.java:59)
at org.testng.internal.Invoker.invokeConfigurationMethod(Invoker.java:458)
at org.testng.internal.Invoker.invokeConfigurations(Invoker.java:222)
at org.testng.internal.Invoker.invokeMethod(Invoker.java:523)
at org.testng.internal.Invoker.invokeTestMethod(Invoker.java:719)
at org.testng.internal.Invoker.invokeTestMethods(Invoker.java:989)
at org.testng.internal.TestMethodWorker.invokeTestMethods(TestMethodWorker.java:125)
at org.testng.internal.TestMethodWorker.run(TestMethodWorker.java:109)
at java.util.concurrent.ThreadPoolExecutor.runWorker(Unknown Source)
at java.util.concurrent.ThreadPoolExecutor$Worker.run(Unknown Source)
at java.lang.Thread.run(Unknown Source)
]]>
            </full-stacktrace>
          </exception> <!-- java.lang.NullPointerException -->
          <reporter-output>
          </reporter-output>
        </test-method> <!-- createLead -->
        <test-method status="SKIP" signature="afterMethod()[pri:0, instance:com.leafBot.testcases.TC003_CreateLead@45820e51]" name="afterMethod" is-config="true" duration-ms="0" started-at="2022-05-19T09:49:19Z" finished-at="2022-05-19T09:49:19Z">
          <reporter-output>
          </reporter-output>
        </test-method> <!-- afterMethod -->
        <test-method status="PASS" signature="tearDownClass()[pri:0, instance:com.leafBot.testcases.TC003_CreateLead@45820e51]" name="tearDownClass" is-config="true" duration-ms="9" started-at="2022-05-19T09:49:19Z" finished-at="2022-05-19T09:49:19Z">
          <reporter-output>
          </reporter-output>
        </test-method> <!-- tearDownClass -->
        <test-method status="PASS" signature="stopReport()[pri:0, instance:com.leafBot.testcases.TC003_CreateLead@45820e51]" name="stopReport" is-config="true" duration-ms="862" started-at="2022-05-19T09:49:25Z" finished-at="2022-05-19T09:49:26Z">
          <reporter-output>
          </reporter-output>
        </test-method> <!-- stopReport -->
      </class> <!-- com.leafBot.testcases.TC003_CreateLead -->
      <class name="com.leafBot.testcases.TC004_EditLead">
        <test-method status="PASS" signature="setUpClass()[pri:0, instance:com.leafBot.testcases.TC004_EditLead@42d8062c]" name="setUpClass" is-config="true" duration-ms="203" started-at="2022-05-19T09:48:54Z" finished-at="2022-05-19T09:48:55Z">
          <reporter-output>
          </reporter-output>
        </test-method> <!-- setUpClass -->
        <test-method status="PASS" signature="report()[pri:0, instance:com.leafBot.testcases.TC004_EditLead@42d8062c]" name="report" is-config="true" duration-ms="9" started-at="2022-05-19T09:48:55Z" finished-at="2022-05-19T09:48:55Z">
          <reporter-output>
          </reporter-output>
        </test-method> <!-- report -->
        <test-method status="PASS" signature="beforeMethod()[pri:0, instance:com.leafBot.testcases.TC004_EditLead@42d8062c]" name="beforeMethod" is-config="true" duration-ms="4163" started-at="2022-05-19T09:48:56Z" finished-at="2022-05-19T09:49:00Z">
          <reporter-output>
          </reporter-output>
        </test-method> <!-- beforeMethod -->
        <test-method status="PASS" signature="editLead(java.lang.String, java.lang.String, java.lang.String, java.lang.String)[pri:0, instance:com.leafBot.testcases.TC004_EditLead@42d8062c]" name="editLead" duration-ms="25183" started-at="2022-05-19T09:49:00Z" data-provider="fetchData" finished-at="2022-05-19T09:49:25Z">
          <params>
            <param index="0">
              <value>
                <![CDATA[DemoSalesManager]]>
              </value>
            </param>
            <param index="1">
              <value>
                <![CDATA[crmsfa]]>
              </value>
            </param>
            <param index="2">
              <value>
                <![CDATA[Babu]]>
              </value>
            </param>
            <param index="3">
              <value>
                <![CDATA[TestLeaf - Ver2]]>
              </value>
            </param>
          </params>
          <reporter-output>
          </reporter-output>
        </test-method> <!-- editLead -->
        <test-method status="PASS" signature="afterMethod()[pri:0, instance:com.leafBot.testcases.TC004_EditLead@42d8062c]" name="afterMethod" is-config="true" duration-ms="256" started-at="2022-05-19T09:49:25Z" finished-at="2022-05-19T09:49:25Z">
          <reporter-output>
          </reporter-output>
        </test-method> <!-- afterMethod -->
        <test-method status="PASS" signature="tearDownClass()[pri:0, instance:com.leafBot.testcases.TC004_EditLead@42d8062c]" name="tearDownClass" is-config="true" duration-ms="5" started-at="2022-05-19T09:49:25Z" finished-at="2022-05-19T09:49:25Z">
          <reporter-output>
          </reporter-output>
        </test-method> <!-- tearDownClass -->
      </class> <!-- com.leafBot.testcases.TC004_EditLead -->
    </test> <!-- Test -->
  </suite> <!-- Suite -->
</testng-results>
